[Fri Oct 28 19:06:56.244475 2022] [ssl:warn] [pid 9676:tid 440] AH01909: www.example.com:443:0 server certificate does NOT include an ID which matches the server name
[Fri Oct 28 19:06:56.372466 2022] [ssl:warn] [pid 9676:tid 440] AH01909: www.example.com:443:0 server certificate does NOT include an ID which matches the server name
PHP Warning:  PHP Startup: Unable to load dynamic library 'pdo_sqlite' (tried: X:\\Works\\Works\\PO\\Websites\\xamp\\php\\ext\\pdo_sqlite (The specified module could not be found.), X:\\Works\\Works\\PO\\Websites\\xamp\\php\\ext\\php_pdo_sqlite.dll (The specified module could not be found.)) in Unknown on line 0
[Fri Oct 28 19:06:56.452454 2022] [mpm_winnt:notice] [pid 9676:tid 440] AH00455: Apache/2.4.41 (Win64) OpenSSL/1.1.1c PHP/7.4.2 configured -- resuming normal operations
[Fri Oct 28 19:06:56.452454 2022] [mpm_winnt:notice] [pid 9676:tid 440] AH00456: Apache Lounge VC15 Server built: Aug 11 2019 12:20:04
[Fri Oct 28 19:06:56.452454 2022] [core:notice] [pid 9676:tid 440] AH00094: Command line: 'x:\\works\\works\\po\\websites\\xamp\\apache\\bin\\httpd.exe -d X:/Works/Works/PO/Websites/xamp/apache'
[Fri Oct 28 19:06:56.500452 2022] [mpm_winnt:notice] [pid 9676:tid 440] AH00418: Parent: Created child process 2764
[Fri Oct 28 19:06:57.819339 2022] [ssl:warn] [pid 2764:tid 640] AH01909: www.example.com:443:0 server certificate does NOT include an ID which matches the server name
[Fri Oct 28 19:06:57.928602 2022] [ssl:warn] [pid 2764:tid 640] AH01909: www.example.com:443:0 server certificate does NOT include an ID which matches the server name
PHP Warning:  PHP Startup: Unable to load dynamic library 'pdo_sqlite' (tried: X:\\Works\\Works\\PO\\Websites\\xamp\\php\\ext\\pdo_sqlite (The specified module could not be found.), X:\\Works\\Works\\PO\\Websites\\xamp\\php\\ext\\php_pdo_sqlite.dll (The specified module could not be found.)) in Unknown on line 0
[Fri Oct 28 19:06:58.009289 2022] [mpm_winnt:notice] [pid 2764:tid 640] AH00354: Child: Starting 150 worker threads.
[Sat Oct 29 13:30:54.959076 2022] [ssl:warn] [pid 6888:tid 616] AH01909: www.example.com:443:0 server certificate does NOT include an ID which matches the server name
[Sat Oct 29 13:30:55.005933 2022] [core:warn] [pid 6888:tid 616] AH00098: pid file X:/Works/Works/PO/Websites/xamp/apache/logs/httpd.pid overwritten -- Unclean shutdown of previous Apache run?
[Sat Oct 29 13:30:55.005933 2022] [ssl:warn] [pid 6888:tid 616] AH01909: www.example.com:443:0 server certificate does NOT include an ID which matches the server name
PHP Warning:  PHP Startup: Unable to load dynamic library 'pdo_sqlite' (tried: X:\\Works\\Works\\PO\\Websites\\xamp\\php\\ext\\pdo_sqlite (The specified module could not be found.), X:\\Works\\Works\\PO\\Websites\\xamp\\php\\ext\\php_pdo_sqlite.dll (The specified module could not be found.)) in Unknown on line 0
[Sat Oct 29 13:30:55.365282 2022] [mpm_winnt:notice] [pid 6888:tid 616] AH00455: Apache/2.4.41 (Win64) OpenSSL/1.1.1c PHP/7.4.2 configured -- resuming normal operations
[Sat Oct 29 13:30:55.365282 2022] [mpm_winnt:notice] [pid 6888:tid 616] AH00456: Apache Lounge VC15 Server built: Aug 11 2019 12:20:04
[Sat Oct 29 13:30:55.365282 2022] [core:notice] [pid 6888:tid 616] AH00094: Command line: 'x:\\works\\works\\po\\websites\\xamp\\apache\\bin\\httpd.exe -d X:/Works/Works/PO/Websites/xamp/apache'
[Sat Oct 29 13:30:55.380922 2022] [mpm_winnt:notice] [pid 6888:tid 616] AH00418: Parent: Created child process 11944
[Sat Oct 29 13:30:56.021484 2022] [ssl:warn] [pid 11944:tid 612] AH01909: www.example.com:443:0 server certificate does NOT include an ID which matches the server name
[Sat Oct 29 13:30:56.084055 2022] [ssl:warn] [pid 11944:tid 612] AH01909: www.example.com:443:0 server certificate does NOT include an ID which matches the server name
PHP Warning:  PHP Startup: Unable to load dynamic library 'pdo_sqlite' (tried: X:\\Works\\Works\\PO\\Websites\\xamp\\php\\ext\\pdo_sqlite (The specified module could not be found.), X:\\Works\\Works\\PO\\Websites\\xamp\\php\\ext\\php_pdo_sqlite.dll (The specified module could not be found.)) in Unknown on line 0
[Sat Oct 29 13:30:56.162102 2022] [mpm_winnt:notice] [pid 11944:tid 612] AH00354: Child: Starting 150 worker threads.
[Sun Oct 30 21:42:45.194948 2022] [ssl:warn] [pid 14096:tid 540] AH01909: www.example.com:443:0 server certificate does NOT include an ID which matches the server name
[Sun Oct 30 21:42:45.298565 2022] [core:warn] [pid 14096:tid 540] AH00098: pid file X:/Works/Works/PO/Websites/xamp/apache/logs/httpd.pid overwritten -- Unclean shutdown of previous Apache run?
[Sun Oct 30 21:42:45.300564 2022] [ssl:warn] [pid 14096:tid 540] AH01909: www.example.com:443:0 server certificate does NOT include an ID which matches the server name
PHP Warning:  PHP Startup: Unable to load dynamic library 'pdo_sqlite' (tried: X:\\Works\\Works\\PO\\Websites\\xamp\\php\\ext\\pdo_sqlite (The specified module could not be found.), X:\\Works\\Works\\PO\\Websites\\xamp\\php\\ext\\php_pdo_sqlite.dll (The specified module could not be found.)) in Unknown on line 0
[Sun Oct 30 21:42:45.711988 2022] [mpm_winnt:notice] [pid 14096:tid 540] AH00455: Apache/2.4.41 (Win64) OpenSSL/1.1.1c PHP/7.4.2 configured -- resuming normal operations
[Sun Oct 30 21:42:45.711988 2022] [mpm_winnt:notice] [pid 14096:tid 540] AH00456: Apache Lounge VC15 Server built: Aug 11 2019 12:20:04
[Sun Oct 30 21:42:45.711988 2022] [core:notice] [pid 14096:tid 540] AH00094: Command line: 'apache\\bin\\httpd.exe -d X:/Works/Works/PO/Websites/xamp/apache -f conf\\httpd.conf'
[Sun Oct 30 21:42:45.717987 2022] [mpm_winnt:notice] [pid 14096:tid 540] AH00418: Parent: Created child process 15400
[Sun Oct 30 21:42:47.232116 2022] [ssl:warn] [pid 15400:tid 672] AH01909: www.example.com:443:0 server certificate does NOT include an ID which matches the server name
[Sun Oct 30 21:42:47.335057 2022] [ssl:warn] [pid 15400:tid 672] AH01909: www.example.com:443:0 server certificate does NOT include an ID which matches the server name
PHP Warning:  PHP Startup: Unable to load dynamic library 'pdo_sqlite' (tried: X:\\Works\\Works\\PO\\Websites\\xamp\\php\\ext\\pdo_sqlite (The specified module could not be found.), X:\\Works\\Works\\PO\\Websites\\xamp\\php\\ext\\php_pdo_sqlite.dll (The specified module could not be found.)) in Unknown on line 0
[Sun Oct 30 21:42:47.401020 2022] [mpm_winnt:notice] [pid 15400:tid 672] AH00354: Child: Starting 150 worker threads.
