7:06:52 PM  [main] 	Initializing Control Panel
7:06:52 PM  [main] 	Windows Version:  Enterprise  64-bit
7:06:52 PM  [main] 	XAMPP Version: 7.4.2
7:06:52 PM  [main] 	Control Panel Version: 3.2.4  [ Compiled: Jun 5th 2019 ]
7:06:52 PM  [main] 	You are not running with administrator rights! This will work for
7:06:52 PM  [main] 	most application stuff but whenever you do something with services
7:06:52 PM  [main] 	there will be a security dialogue or things will break! So think 
7:06:52 PM  [main] 	about running this application with administrator rights!
7:06:52 PM  [main] 	XAMPP Installation Directory: "x:\works\works\po\websites\xamp\"
7:06:52 PM  [main] 	Checking for prerequisites
7:06:53 PM  [main] 	All prerequisites found
7:06:53 PM  [main] 	Initializing Modules
7:06:53 PM  [main] 	Starting Check-Timer
7:06:53 PM  [main] 	Control Panel Ready
7:06:54 PM  [Apache] 	Attempting to start Apache app...
7:06:55 PM  [Apache] 	Status change detected: running
12:51:39 AM  [Apache] 	Attempting to stop Apache (PID: 9676)
12:51:39 AM  [Apache] 	Attempting to stop Apache (PID: 2764)
12:51:40 AM  [Apache] 	Status change detected: stopped
1:30:53 PM  [Apache] 	Attempting to start Apache app...
1:30:53 PM  [Apache] 	Status change detected: running
11:51:34 PM  [Apache] 	Attempting to stop Apache (PID: 6888)
11:51:34 PM  [Apache] 	Attempting to stop Apache (PID: 11944)
11:51:34 PM  [Apache] 	Status change detected: stopped
5:14:07 PM  [main] 	Deinitializing Modules
5:14:07 PM  [main] 	Deinitializing Control Panel

9:43:13 PM  [main] 	Initializing Control Panel
9:43:13 PM  [main] 	Windows Version:  Enterprise  64-bit
9:43:13 PM  [main] 	XAMPP Version: 7.4.2
9:43:13 PM  [main] 	Control Panel Version: 3.2.4  [ Compiled: Jun 5th 2019 ]
9:43:13 PM  [main] 	You are not running with administrator rights! This will work for
9:43:13 PM  [main] 	most application stuff but whenever you do something with services
9:43:13 PM  [main] 	there will be a security dialogue or things will break! So think 
9:43:13 PM  [main] 	about running this application with administrator rights!
9:43:13 PM  [main] 	XAMPP Installation Directory: "x:\works\works\po\websites\xamp\"
9:43:13 PM  [main] 	Checking for prerequisites
9:43:15 PM  [main] 	All prerequisites found
9:43:15 PM  [main] 	Initializing Modules
9:43:15 PM  [Apache] 	XAMPP Apache is already running on port 80
9:43:15 PM  [Apache] 	XAMPP Apache is already running on port 443
9:43:15 PM  [mysql] 	XAMPP MySQL is already running on port 3306
9:43:15 PM  [main] 	Starting Check-Timer
9:43:15 PM  [main] 	Control Panel Ready
10:41:19 PM  [Apache] 	Attempting to stop Apache (PID: 14096)
10:41:19 PM  [Apache] 	Attempting to stop Apache (PID: 15400)
10:41:20 PM  [Apache] 	Status change detected: stopped
10:41:20 PM  [mysql] 	Attempting to stop MySQL app...
10:41:20 PM  [mysql] 	Status change detected: stopped
11:42:26 PM  [main] 	Deinitializing Modules
11:42:26 PM  [main] 	Deinitializing Control Panel

